{"C:\\Users\\HalicMahamudu\\Desktop\\Labs\\quiz-app\\types.ts": {"path":"C:\\Users\\HalicMahamudu\\Desktop\\Labs\\quiz-app\\types.ts","all":true,"statementMap":{},"s":{},"branchMap":{"0":{"type":"branch","line":1,"loc":{"start":{"line":1,"column":287},"end":{"line":17,"column":1}},"locations":[{"start":{"line":1,"column":287},"end":{"line":17,"column":1}}]}},"b":{"0":[1]},"fnMap":{"0":{"name":"(empty-report)","decl":{"start":{"line":1,"column":287},"end":{"line":17,"column":1}},"loc":{"start":{"line":1,"column":287},"end":{"line":17,"column":1}},"line":1}},"f":{"0":1}}
,"C:\\Users\\HalicMahamudu\\Desktop\\Labs\\quiz-app\\src\\App.tsx": {"path":"C:\\Users\\HalicMahamudu\\Desktop\\Labs\\quiz-app\\src\\App.tsx","all":true,"statementMap":{"0":{"start":{"line":1,"column":0},"end":{"line":1,"column":77}},"1":{"start":{"line":2,"column":0},"end":{"line":2,"column":44}},"3":{"start":{"line":4,"column":0},"end":{"line":4,"column":71}},"4":{"start":{"line":5,"column":0},"end":{"line":5,"column":74}},"5":{"start":{"line":6,"column":0},"end":{"line":6,"column":45}},"7":{"start":{"line":8,"column":0},"end":{"line":8,"column":16}},"8":{"start":{"line":9,"column":0},"end":{"line":9,"column":64}},"10":{"start":{"line":11,"column":0},"end":{"line":11,"column":38}},"11":{"start":{"line":12,"column":0},"end":{"line":12,"column":48}},"12":{"start":{"line":13,"column":0},"end":{"line":13,"column":60}},"14":{"start":{"line":15,"column":0},"end":{"line":15,"column":39}},"15":{"start":{"line":16,"column":0},"end":{"line":16,"column":13}},"16":{"start":{"line":17,"column":0},"end":{"line":17,"column":5}},"18":{"start":{"line":19,"column":0},"end":{"line":19,"column":50}},"19":{"start":{"line":20,"column":0},"end":{"line":20,"column":27}},"20":{"start":{"line":21,"column":0},"end":{"line":21,"column":4}},"22":{"start":{"line":23,"column":0},"end":{"line":23,"column":23}},"23":{"start":{"line":24,"column":0},"end":{"line":24,"column":39}},"24":{"start":{"line":25,"column":0},"end":{"line":25,"column":48}},"25":{"start":{"line":26,"column":0},"end":{"line":26,"column":46}},"26":{"start":{"line":27,"column":0},"end":{"line":27,"column":38}},"27":{"start":{"line":28,"column":0},"end":{"line":28,"column":23}},"28":{"start":{"line":29,"column":0},"end":{"line":29,"column":4}},"30":{"start":{"line":31,"column":0},"end":{"line":31,"column":19}},"31":{"start":{"line":32,"column":0},"end":{"line":32,"column":16}},"32":{"start":{"line":33,"column":0},"end":{"line":33,"column":9}},"34":{"start":{"line":35,"column":0},"end":{"line":35,"column":10}},"35":{"start":{"line":36,"column":0},"end":{"line":36,"column":29}},"36":{"start":{"line":37,"column":0},"end":{"line":37,"column":75}},"37":{"start":{"line":38,"column":0},"end":{"line":38,"column":16}},"38":{"start":{"line":39,"column":0},"end":{"line":39,"column":47}},"40":{"start":{"line":41,"column":0},"end":{"line":41,"column":51}},"42":{"start":{"line":43,"column":0},"end":{"line":43,"column":10}},"44":{"start":{"line":45,"column":0},"end":{"line":45,"column":1}},"46":{"start":{"line":47,"column":0},"end":{"line":47,"column":19}}},"s":{"0":0,"1":0,"3":0,"4":0,"5":0,"7":0,"8":0,"10":0,"11":0,"12":0,"14":0,"15":0,"16":0,"18":0,"19":0,"20":0,"22":0,"23":0,"24":0,"25":0,"26":0,"27":0,"28":0,"30":0,"31":0,"32":0,"34":0,"35":0,"36":0,"37":0,"38":0,"40":0,"42":0,"44":0,"46":0},"branchMap":{"0":{"type":"branch","line":1,"loc":{"start":{"line":1,"column":0},"end":{"line":47,"column":-326}},"locations":[{"start":{"line":1,"column":0},"end":{"line":47,"column":-326}}]}},"b":{"0":[0]},"fnMap":{"0":{"name":"(empty-report)","decl":{"start":{"line":1,"column":0},"end":{"line":47,"column":-326}},"loc":{"start":{"line":1,"column":0},"end":{"line":47,"column":-326}},"line":1}},"f":{"0":0}}
,"C:\\Users\\HalicMahamudu\\Desktop\\Labs\\quiz-app\\src\\constants.ts": {"path":"C:\\Users\\HalicMahamudu\\Desktop\\Labs\\quiz-app\\src\\constants.ts","all":false,"statementMap":{"0":{"start":{"line":1,"column":0},"end":{"line":1,"column":47}},"5":{"start":{"line":6,"column":0},"end":{"line":6,"column":23}},"6":{"start":{"line":7,"column":0},"end":{"line":7,"column":5}},"7":{"start":{"line":8,"column":0},"end":{"line":8,"column":20}},"8":{"start":{"line":9,"column":0},"end":{"line":9,"column":20}},"9":{"start":{"line":10,"column":0},"end":{"line":10,"column":6}},"10":{"start":{"line":11,"column":0},"end":{"line":11,"column":5}},"11":{"start":{"line":12,"column":0},"end":{"line":12,"column":19}},"12":{"start":{"line":13,"column":0},"end":{"line":13,"column":19}},"13":{"start":{"line":14,"column":0},"end":{"line":14,"column":6}},"14":{"start":{"line":15,"column":0},"end":{"line":15,"column":5}},"15":{"start":{"line":16,"column":0},"end":{"line":16,"column":26}},"16":{"start":{"line":17,"column":0},"end":{"line":17,"column":18}},"17":{"start":{"line":18,"column":0},"end":{"line":18,"column":6}},"18":{"start":{"line":19,"column":0},"end":{"line":19,"column":5}},"19":{"start":{"line":20,"column":0},"end":{"line":20,"column":29}},"20":{"start":{"line":21,"column":0},"end":{"line":21,"column":29}},"21":{"start":{"line":22,"column":0},"end":{"line":22,"column":6}},"22":{"start":{"line":23,"column":0},"end":{"line":23,"column":4}}},"s":{"0":1,"5":1,"6":1,"7":1,"8":1,"9":1,"10":1,"11":1,"12":1,"13":1,"14":1,"15":1,"16":1,"17":1,"18":1,"19":1,"20":1,"21":1,"22":1},"branchMap":{},"b":{},"fnMap":{},"f":{}}
,"C:\\Users\\HalicMahamudu\\Desktop\\Labs\\quiz-app\\src\\main.tsx": {"path":"C:\\Users\\HalicMahamudu\\Desktop\\Labs\\quiz-app\\src\\main.tsx","all":true,"statementMap":{"0":{"start":{"line":1,"column":0},"end":{"line":1,"column":34}},"1":{"start":{"line":2,"column":0},"end":{"line":2,"column":45}},"2":{"start":{"line":3,"column":0},"end":{"line":3,"column":20}},"3":{"start":{"line":4,"column":0},"end":{"line":4,"column":27}},"5":{"start":{"line":6,"column":0},"end":{"line":6,"column":52}},"6":{"start":{"line":7,"column":0},"end":{"line":7,"column":14}},"7":{"start":{"line":8,"column":0},"end":{"line":8,"column":11}},"8":{"start":{"line":9,"column":0},"end":{"line":9,"column":16}},"9":{"start":{"line":10,"column":0},"end":{"line":10,"column":1}}},"s":{"0":0,"1":0,"2":0,"3":0,"5":0,"6":0,"7":0,"8":0,"9":0},"branchMap":{"0":{"type":"branch","line":1,"loc":{"start":{"line":1,"column":238},"end":{"line":10,"column":1}},"locations":[{"start":{"line":1,"column":238},"end":{"line":10,"column":1}}]}},"b":{"0":[0]},"fnMap":{"0":{"name":"(empty-report)","decl":{"start":{"line":1,"column":238},"end":{"line":10,"column":1}},"loc":{"start":{"line":1,"column":238},"end":{"line":10,"column":1}},"line":1}},"f":{"0":0}}
,"C:\\Users\\HalicMahamudu\\Desktop\\Labs\\quiz-app\\src\\components\\Header\\Header.component.tsx": {"path":"C:\\Users\\HalicMahamudu\\Desktop\\Labs\\quiz-app\\src\\components\\Header\\Header.component.tsx","all":false,"statementMap":{"0":{"start":{"line":1,"column":0},"end":{"line":1,"column":69}},"1":{"start":{"line":2,"column":0},"end":{"line":2,"column":71}},"3":{"start":{"line":4,"column":0},"end":{"line":4,"column":28}},"10":{"start":{"line":11,"column":0},"end":{"line":11,"column":57}},"11":{"start":{"line":12,"column":0},"end":{"line":12,"column":12}},"12":{"start":{"line":13,"column":0},"end":{"line":13,"column":37}},"13":{"start":{"line":14,"column":0},"end":{"line":14,"column":72}},"14":{"start":{"line":15,"column":0},"end":{"line":15,"column":27}},"15":{"start":{"line":16,"column":0},"end":{"line":16,"column":17}},"17":{"start":{"line":18,"column":0},"end":{"line":18,"column":1}},"19":{"start":{"line":20,"column":0},"end":{"line":20,"column":30}}},"s":{"0":1,"1":1,"3":1,"10":1,"11":3,"12":3,"13":3,"14":3,"15":3,"17":3,"19":1},"branchMap":{"0":{"type":"branch","line":11,"loc":{"start":{"line":11,"column":24},"end":{"line":18,"column":1}},"locations":[{"start":{"line":11,"column":24},"end":{"line":18,"column":1}}]},"1":{"type":"branch","line":14,"loc":{"start":{"line":14,"column":13},"end":{"line":14,"column":30}},"locations":[{"start":{"line":14,"column":13},"end":{"line":14,"column":30}}]},"2":{"type":"branch","line":14,"loc":{"start":{"line":14,"column":22},"end":{"line":14,"column":72}},"locations":[{"start":{"line":14,"column":22},"end":{"line":14,"column":72}}]}},"b":{"0":[3],"1":[2],"2":[2]},"fnMap":{"0":{"name":"HeaderComponent","decl":{"start":{"line":11,"column":24},"end":{"line":18,"column":1}},"loc":{"start":{"line":11,"column":24},"end":{"line":18,"column":1}},"line":11}},"f":{"0":3}}
,"C:\\Users\\HalicMahamudu\\Desktop\\Labs\\quiz-app\\src\\components\\Header\\ThemeToggler\\ThemeToggler.component.tsx": {"path":"C:\\Users\\HalicMahamudu\\Desktop\\Labs\\quiz-app\\src\\components\\Header\\ThemeToggler\\ThemeToggler.component.tsx","all":false,"statementMap":{"0":{"start":{"line":1,"column":0},"end":{"line":1,"column":42}},"2":{"start":{"line":3,"column":0},"end":{"line":3,"column":60}},"3":{"start":{"line":4,"column":0},"end":{"line":4,"column":58}},"4":{"start":{"line":5,"column":0},"end":{"line":5,"column":62}},"5":{"start":{"line":6,"column":0},"end":{"line":6,"column":60}},"7":{"start":{"line":8,"column":0},"end":{"line":8,"column":35}},"9":{"start":{"line":10,"column":0},"end":{"line":10,"column":25}},"10":{"start":{"line":11,"column":0},"end":{"line":11,"column":89}},"12":{"start":{"line":13,"column":0},"end":{"line":13,"column":21}},"13":{"start":{"line":14,"column":0},"end":{"line":14,"column":40}},"14":{"start":{"line":15,"column":0},"end":{"line":15,"column":47}},"15":{"start":{"line":16,"column":0},"end":{"line":16,"column":15}},"18":{"start":{"line":19,"column":0},"end":{"line":19,"column":28}},"19":{"start":{"line":20,"column":0},"end":{"line":20,"column":120}},"20":{"start":{"line":21,"column":0},"end":{"line":21,"column":5}},"22":{"start":{"line":23,"column":0},"end":{"line":23,"column":12}},"23":{"start":{"line":24,"column":0},"end":{"line":24,"column":52}},"24":{"start":{"line":25,"column":0},"end":{"line":25,"column":90}},"25":{"start":{"line":26,"column":0},"end":{"line":26,"column":39}},"26":{"start":{"line":27,"column":0},"end":{"line":27,"column":71}},"27":{"start":{"line":28,"column":0},"end":{"line":28,"column":111}},"28":{"start":{"line":29,"column":0},"end":{"line":29,"column":86}},"29":{"start":{"line":30,"column":0},"end":{"line":30,"column":20}},"30":{"start":{"line":31,"column":0},"end":{"line":31,"column":92}},"31":{"start":{"line":32,"column":0},"end":{"line":32,"column":40}},"32":{"start":{"line":33,"column":0},"end":{"line":33,"column":14}},"34":{"start":{"line":35,"column":0},"end":{"line":35,"column":1}},"36":{"start":{"line":37,"column":0},"end":{"line":37,"column":28}}},"s":{"0":1,"2":1,"3":1,"4":1,"5":1,"7":1,"9":7,"10":7,"12":7,"13":7,"14":7,"15":7,"18":7,"19":1,"20":1,"22":7,"23":7,"24":7,"25":7,"26":7,"27":7,"28":7,"29":7,"30":7,"31":7,"32":7,"34":7,"36":1},"branchMap":{"0":{"type":"branch","line":10,"loc":{"start":{"line":10,"column":0},"end":{"line":35,"column":1}},"locations":[{"start":{"line":10,"column":0},"end":{"line":35,"column":1}}]},"1":{"type":"branch","line":25,"loc":{"start":{"line":25,"column":56},"end":{"line":25,"column":79}},"locations":[{"start":{"line":25,"column":56},"end":{"line":25,"column":79}}]},"2":{"type":"branch","line":25,"loc":{"start":{"line":25,"column":65},"end":{"line":25,"column":90}},"locations":[{"start":{"line":25,"column":65},"end":{"line":25,"column":90}}]},"3":{"type":"branch","line":31,"loc":{"start":{"line":31,"column":56},"end":{"line":31,"column":80}},"locations":[{"start":{"line":31,"column":56},"end":{"line":31,"column":80}}]},"4":{"type":"branch","line":31,"loc":{"start":{"line":31,"column":65},"end":{"line":31,"column":92}},"locations":[{"start":{"line":31,"column":65},"end":{"line":31,"column":92}}]},"5":{"type":"branch","line":11,"loc":{"start":{"line":11,"column":39},"end":{"line":11,"column":87}},"locations":[{"start":{"line":11,"column":39},"end":{"line":11,"column":87}}]},"6":{"type":"branch","line":11,"loc":{"start":{"line":11,"column":75},"end":{"line":11,"column":87}},"locations":[{"start":{"line":11,"column":75},"end":{"line":11,"column":87}}]},"7":{"type":"branch","line":13,"loc":{"start":{"line":13,"column":14},"end":{"line":16,"column":7}},"locations":[{"start":{"line":13,"column":14},"end":{"line":16,"column":7}}]},"8":{"type":"branch","line":19,"loc":{"start":{"line":19,"column":4},"end":{"line":21,"column":5}},"locations":[{"start":{"line":19,"column":4},"end":{"line":21,"column":5}}]},"9":{"type":"branch","line":20,"loc":{"start":{"line":20,"column":17},"end":{"line":20,"column":60}},"locations":[{"start":{"line":20,"column":17},"end":{"line":20,"column":60}}]},"10":{"type":"branch","line":20,"loc":{"start":{"line":20,"column":44},"end":{"line":20,"column":60}},"locations":[{"start":{"line":20,"column":44},"end":{"line":20,"column":60}}]}},"b":{"0":[7],"1":[2],"2":[5],"3":[2],"4":[5],"5":[6],"6":[2],"7":[7],"8":[1],"9":[1],"10":[0]},"fnMap":{"0":{"name":"ThemeToggler","decl":{"start":{"line":10,"column":0},"end":{"line":35,"column":1}},"loc":{"start":{"line":10,"column":0},"end":{"line":35,"column":1}},"line":10},"1":{"name":"toggleTheme","decl":{"start":{"line":19,"column":4},"end":{"line":21,"column":5}},"loc":{"start":{"line":19,"column":4},"end":{"line":21,"column":5}},"line":19}},"f":{"0":7,"1":1}}
,"C:\\Users\\HalicMahamudu\\Desktop\\Labs\\quiz-app\\src\\components\\Homepage\\Homepage.component.tsx": {"path":"C:\\Users\\HalicMahamudu\\Desktop\\Labs\\quiz-app\\src\\components\\Homepage\\Homepage.component.tsx","all":false,"statementMap":{"0":{"start":{"line":1,"column":0},"end":{"line":1,"column":55}},"1":{"start":{"line":2,"column":0},"end":{"line":2,"column":64}},"3":{"start":{"line":4,"column":0},"end":{"line":4,"column":31}},"4":{"start":{"line":5,"column":0},"end":{"line":5,"column":42}},"6":{"start":{"line":7,"column":0},"end":{"line":7,"column":28}},"7":{"start":{"line":8,"column":0},"end":{"line":8,"column":39}},"8":{"start":{"line":9,"column":0},"end":{"line":9,"column":31}},"10":{"start":{"line":11,"column":0},"end":{"line":11,"column":7}},"11":{"start":{"line":12,"column":0},"end":{"line":12,"column":12}},"12":{"start":{"line":13,"column":0},"end":{"line":13,"column":34}},"13":{"start":{"line":14,"column":0},"end":{"line":14,"column":29}},"14":{"start":{"line":15,"column":0},"end":{"line":15,"column":40}},"15":{"start":{"line":16,"column":0},"end":{"line":16,"column":43}},"16":{"start":{"line":17,"column":0},"end":{"line":17,"column":58}},"17":{"start":{"line":18,"column":0},"end":{"line":18,"column":14}},"18":{"start":{"line":19,"column":0},"end":{"line":19,"column":37}},"19":{"start":{"line":20,"column":0},"end":{"line":20,"column":40}},"20":{"start":{"line":21,"column":0},"end":{"line":21,"column":27}},"21":{"start":{"line":22,"column":0},"end":{"line":22,"column":41}},"22":{"start":{"line":23,"column":0},"end":{"line":23,"column":51}},"23":{"start":{"line":24,"column":0},"end":{"line":24,"column":60}},"25":{"start":{"line":26,"column":0},"end":{"line":26,"column":93}},"26":{"start":{"line":27,"column":0},"end":{"line":27,"column":46}},"27":{"start":{"line":28,"column":0},"end":{"line":28,"column":29}},"28":{"start":{"line":29,"column":0},"end":{"line":29,"column":19}},"29":{"start":{"line":30,"column":0},"end":{"line":30,"column":18}},"30":{"start":{"line":31,"column":0},"end":{"line":31,"column":14}},"32":{"start":{"line":33,"column":0},"end":{"line":33,"column":2}},"34":{"start":{"line":35,"column":0},"end":{"line":35,"column":33}}},"s":{"0":1,"1":1,"3":1,"4":1,"6":1,"7":4,"8":4,"10":4,"11":4,"12":4,"13":4,"14":4,"15":4,"16":4,"17":4,"18":4,"19":4,"20":16,"21":16,"22":16,"23":16,"25":16,"26":16,"27":16,"28":4,"29":4,"30":4,"32":4,"34":1},"branchMap":{"0":{"type":"branch","line":7,"loc":{"start":{"line":7,"column":26},"end":{"line":33,"column":2}},"locations":[{"start":{"line":7,"column":26},"end":{"line":33,"column":2}}]},"1":{"type":"branch","line":20,"loc":{"start":{"line":20,"column":28},"end":{"line":28,"column":29}},"locations":[{"start":{"line":20,"column":28},"end":{"line":28,"column":29}}]},"2":{"type":"branch","line":24,"loc":{"start":{"line":24,"column":33},"end":{"line":24,"column":60}},"locations":[{"start":{"line":24,"column":33},"end":{"line":24,"column":60}}]}},"b":{"0":[4],"1":[16],"2":[4]},"fnMap":{"0":{"name":"HomepageComponent","decl":{"start":{"line":7,"column":26},"end":{"line":33,"column":2}},"loc":{"start":{"line":7,"column":26},"end":{"line":33,"column":2}},"line":7},"1":{"name":"onClick","decl":{"start":{"line":24,"column":33},"end":{"line":24,"column":60}},"loc":{"start":{"line":24,"column":33},"end":{"line":24,"column":60}},"line":24}},"f":{"0":4,"1":4}}
,"C:\\Users\\HalicMahamudu\\Desktop\\Labs\\quiz-app\\src\\components\\Icon\\Icon.component.tsx": {"path":"C:\\Users\\HalicMahamudu\\Desktop\\Labs\\quiz-app\\src\\components\\Icon\\Icon.component.tsx","all":false,"statementMap":{"0":{"start":{"line":1,"column":0},"end":{"line":1,"column":26}},"7":{"start":{"line":8,"column":0},"end":{"line":8,"column":72}},"8":{"start":{"line":9,"column":0},"end":{"line":9,"column":12}},"9":{"start":{"line":10,"column":0},"end":{"line":10,"column":51}},"10":{"start":{"line":11,"column":0},"end":{"line":11,"column":60}},"11":{"start":{"line":12,"column":0},"end":{"line":12,"column":14}},"13":{"start":{"line":14,"column":0},"end":{"line":14,"column":1}},"15":{"start":{"line":16,"column":0},"end":{"line":16,"column":29}}},"s":{"0":1,"7":1,"8":20,"9":20,"10":20,"11":20,"13":20,"15":1},"branchMap":{"0":{"type":"branch","line":8,"loc":{"start":{"line":8,"column":22},"end":{"line":14,"column":1}},"locations":[{"start":{"line":8,"column":22},"end":{"line":14,"column":1}}]}},"b":{"0":[20]},"fnMap":{"0":{"name":"IconComponent","decl":{"start":{"line":8,"column":22},"end":{"line":14,"column":1}},"loc":{"start":{"line":8,"column":22},"end":{"line":14,"column":1}},"line":8}},"f":{"0":20}}
,"C:\\Users\\HalicMahamudu\\Desktop\\Labs\\quiz-app\\src\\components\\Message\\Message.component.tsx": {"path":"C:\\Users\\HalicMahamudu\\Desktop\\Labs\\quiz-app\\src\\components\\Message\\Message.component.tsx","all":false,"statementMap":{"0":{"start":{"line":1,"column":0},"end":{"line":1,"column":29}},"8":{"start":{"line":9,"column":0},"end":{"line":9,"column":81}},"9":{"start":{"line":10,"column":0},"end":{"line":10,"column":12}},"10":{"start":{"line":11,"column":0},"end":{"line":11,"column":47}},"11":{"start":{"line":12,"column":0},"end":{"line":12,"column":43}},"12":{"start":{"line":13,"column":0},"end":{"line":13,"column":59}},"13":{"start":{"line":14,"column":0},"end":{"line":14,"column":17}},"14":{"start":{"line":15,"column":0},"end":{"line":15,"column":54}},"15":{"start":{"line":16,"column":0},"end":{"line":16,"column":18}},"17":{"start":{"line":18,"column":0},"end":{"line":18,"column":2}},"19":{"start":{"line":20,"column":0},"end":{"line":20,"column":32}}},"s":{"0":1,"8":1,"9":11,"10":11,"11":11,"12":11,"13":11,"14":11,"15":11,"17":11,"19":1},"branchMap":{"0":{"type":"branch","line":9,"loc":{"start":{"line":9,"column":25},"end":{"line":18,"column":2}},"locations":[{"start":{"line":9,"column":25},"end":{"line":18,"column":2}}]},"1":{"type":"branch","line":13,"loc":{"start":{"line":13,"column":17},"end":{"line":13,"column":29}},"locations":[{"start":{"line":13,"column":17},"end":{"line":13,"column":29}}]},"2":{"type":"branch","line":13,"loc":{"start":{"line":13,"column":37},"end":{"line":13,"column":52}},"locations":[{"start":{"line":13,"column":37},"end":{"line":13,"column":52}}]},"3":{"type":"branch","line":15,"loc":{"start":{"line":15,"column":36},"end":{"line":15,"column":50}},"locations":[{"start":{"line":15,"column":36},"end":{"line":15,"column":50}}]}},"b":{"0":[11],"1":[3],"2":[3],"3":[5]},"fnMap":{"0":{"name":"MessageComponent","decl":{"start":{"line":9,"column":25},"end":{"line":18,"column":2}},"loc":{"start":{"line":9,"column":25},"end":{"line":18,"column":2}},"line":9}},"f":{"0":11}}
,"C:\\Users\\HalicMahamudu\\Desktop\\Labs\\quiz-app\\src\\components\\Quiz\\Options.component.tsx": {"path":"C:\\Users\\HalicMahamudu\\Desktop\\Labs\\quiz-app\\src\\components\\Quiz\\Options.component.tsx","all":false,"statementMap":{"0":{"start":{"line":1,"column":0},"end":{"line":1,"column":61}},"1":{"start":{"line":2,"column":0},"end":{"line":2,"column":65}},"3":{"start":{"line":4,"column":0},"end":{"line":4,"column":30}},"12":{"start":{"line":13,"column":0},"end":{"line":13,"column":18}},"13":{"start":{"line":14,"column":0},"end":{"line":14,"column":28}},"14":{"start":{"line":15,"column":0},"end":{"line":15,"column":36}},"15":{"start":{"line":16,"column":0},"end":{"line":16,"column":37}},"16":{"start":{"line":17,"column":0},"end":{"line":17,"column":29}},"17":{"start":{"line":18,"column":0},"end":{"line":18,"column":38}},"18":{"start":{"line":19,"column":0},"end":{"line":19,"column":45}},"20":{"start":{"line":21,"column":0},"end":{"line":21,"column":23}},"21":{"start":{"line":22,"column":0},"end":{"line":22,"column":18}},"22":{"start":{"line":23,"column":0},"end":{"line":23,"column":40}},"23":{"start":{"line":24,"column":0},"end":{"line":24,"column":19}},"24":{"start":{"line":25,"column":0},"end":{"line":25,"column":28}},"25":{"start":{"line":26,"column":0},"end":{"line":26,"column":35}},"26":{"start":{"line":27,"column":0},"end":{"line":27,"column":44}},"27":{"start":{"line":28,"column":0},"end":{"line":28,"column":26}},"28":{"start":{"line":29,"column":0},"end":{"line":29,"column":43}},"29":{"start":{"line":30,"column":0},"end":{"line":30,"column":55}},"30":{"start":{"line":31,"column":0},"end":{"line":31,"column":43}},"31":{"start":{"line":32,"column":0},"end":{"line":32,"column":36}},"32":{"start":{"line":33,"column":0},"end":{"line":33,"column":55}},"33":{"start":{"line":34,"column":0},"end":{"line":34,"column":45}},"34":{"start":{"line":35,"column":0},"end":{"line":35,"column":36}},"35":{"start":{"line":36,"column":0},"end":{"line":36,"column":51}},"36":{"start":{"line":37,"column":0},"end":{"line":37,"column":40}},"37":{"start":{"line":38,"column":0},"end":{"line":38,"column":32}},"38":{"start":{"line":39,"column":0},"end":{"line":39,"column":19}},"39":{"start":{"line":40,"column":0},"end":{"line":40,"column":55}},"41":{"start":{"line":42,"column":0},"end":{"line":42,"column":48}},"42":{"start":{"line":43,"column":0},"end":{"line":43,"column":53}},"43":{"start":{"line":44,"column":0},"end":{"line":44,"column":22}},"44":{"start":{"line":45,"column":0},"end":{"line":45,"column":33}},"45":{"start":{"line":46,"column":0},"end":{"line":46,"column":49}},"46":{"start":{"line":47,"column":0},"end":{"line":47,"column":87}},"48":{"start":{"line":49,"column":0},"end":{"line":49,"column":78}},"49":{"start":{"line":50,"column":0},"end":{"line":50,"column":24}},"50":{"start":{"line":51,"column":0},"end":{"line":51,"column":47}},"51":{"start":{"line":52,"column":0},"end":{"line":52,"column":46}},"52":{"start":{"line":53,"column":0},"end":{"line":53,"column":41}},"53":{"start":{"line":54,"column":0},"end":{"line":54,"column":22}},"55":{"start":{"line":56,"column":0},"end":{"line":56,"column":21}},"56":{"start":{"line":57,"column":0},"end":{"line":57,"column":11}},"58":{"start":{"line":59,"column":0},"end":{"line":59,"column":56}},"59":{"start":{"line":60,"column":0},"end":{"line":60,"column":2}},"61":{"start":{"line":62,"column":0},"end":{"line":62,"column":23}}},"s":{"0":1,"1":1,"3":1,"12":1,"13":32,"14":32,"15":32,"16":32,"17":32,"18":32,"20":32,"21":32,"22":26,"23":104,"24":104,"25":104,"26":104,"27":104,"28":40,"29":10,"30":9,"31":1,"32":30,"33":1,"34":29,"35":64,"36":5,"37":59,"38":104,"39":104,"41":104,"42":104,"43":104,"44":104,"45":104,"46":10,"48":104,"49":1,"50":1,"51":1,"52":1,"53":1,"55":104,"56":26,"58":32,"59":32,"61":1},"branchMap":{"0":{"type":"branch","line":13,"loc":{"start":{"line":13,"column":16},"end":{"line":60,"column":2}},"locations":[{"start":{"line":13,"column":16},"end":{"line":60,"column":2}}]},"1":{"type":"branch","line":22,"loc":{"start":{"line":22,"column":8},"end":{"line":57,"column":11}},"locations":[{"start":{"line":22,"column":8},"end":{"line":57,"column":11}}]},"2":{"type":"branch","line":23,"loc":{"start":{"line":23,"column":20},"end":{"line":56,"column":21}},"locations":[{"start":{"line":23,"column":20},"end":{"line":56,"column":21}}]},"3":{"type":"branch","line":28,"loc":{"start":{"line":28,"column":20},"end":{"line":35,"column":36}},"locations":[{"start":{"line":28,"column":20},"end":{"line":35,"column":36}}]},"4":{"type":"branch","line":29,"loc":{"start":{"line":29,"column":37},"end":{"line":32,"column":36}},"locations":[{"start":{"line":29,"column":37},"end":{"line":32,"column":36}}]},"5":{"type":"branch","line":30,"loc":{"start":{"line":30,"column":41},"end":{"line":31,"column":43}},"locations":[{"start":{"line":30,"column":41},"end":{"line":31,"column":43}}]},"6":{"type":"branch","line":31,"loc":{"start":{"line":31,"column":34},"end":{"line":32,"column":36}},"locations":[{"start":{"line":31,"column":34},"end":{"line":32,"column":36}}]},"7":{"type":"branch","line":32,"loc":{"start":{"line":32,"column":34},"end":{"line":35,"column":36}},"locations":[{"start":{"line":32,"column":34},"end":{"line":35,"column":36}}]},"8":{"type":"branch","line":33,"loc":{"start":{"line":33,"column":49},"end":{"line":34,"column":45}},"locations":[{"start":{"line":33,"column":49},"end":{"line":34,"column":45}}]},"9":{"type":"branch","line":34,"loc":{"start":{"line":34,"column":34},"end":{"line":35,"column":36}},"locations":[{"start":{"line":34,"column":34},"end":{"line":35,"column":36}}]},"10":{"type":"branch","line":35,"loc":{"start":{"line":35,"column":34},"end":{"line":38,"column":32}},"locations":[{"start":{"line":35,"column":34},"end":{"line":38,"column":32}}]},"11":{"type":"branch","line":36,"loc":{"start":{"line":36,"column":45},"end":{"line":37,"column":40}},"locations":[{"start":{"line":36,"column":45},"end":{"line":37,"column":40}}]},"12":{"type":"branch","line":37,"loc":{"start":{"line":37,"column":30},"end":{"line":38,"column":32}},"locations":[{"start":{"line":37,"column":30},"end":{"line":38,"column":32}}]},"13":{"type":"branch","line":46,"loc":{"start":{"line":46,"column":17},"end":{"line":46,"column":49}},"locations":[{"start":{"line":46,"column":17},"end":{"line":46,"column":49}}]},"14":{"type":"branch","line":46,"loc":{"start":{"line":46,"column":38},"end":{"line":47,"column":87}},"locations":[{"start":{"line":46,"column":38},"end":{"line":47,"column":87}}]},"15":{"type":"branch","line":49,"loc":{"start":{"line":49,"column":17},"end":{"line":49,"column":56}},"locations":[{"start":{"line":49,"column":17},"end":{"line":49,"column":56}}]},"16":{"type":"branch","line":49,"loc":{"start":{"line":49,"column":46},"end":{"line":49,"column":78}},"locations":[{"start":{"line":49,"column":46},"end":{"line":49,"column":78}}]},"17":{"type":"branch","line":49,"loc":{"start":{"line":49,"column":67},"end":{"line":54,"column":22}},"locations":[{"start":{"line":49,"column":67},"end":{"line":54,"column":22}}]},"18":{"type":"branch","line":40,"loc":{"start":{"line":40,"column":25},"end":{"line":40,"column":55}},"locations":[{"start":{"line":40,"column":25},"end":{"line":40,"column":55}}]}},"b":{"0":[32],"1":[26],"2":[104],"3":[40],"4":[10],"5":[9],"6":[1],"7":[30],"8":[1],"9":[29],"10":[64],"11":[5],"12":[59],"13":[40],"14":[10],"15":[40],"16":[10],"17":[1],"18":[6]},"fnMap":{"0":{"name":"Options","decl":{"start":{"line":13,"column":16},"end":{"line":60,"column":2}},"loc":{"start":{"line":13,"column":16},"end":{"line":60,"column":2}},"line":13},"1":{"name":"onClick","decl":{"start":{"line":40,"column":25},"end":{"line":40,"column":55}},"loc":{"start":{"line":40,"column":25},"end":{"line":40,"column":55}},"line":40}},"f":{"0":32,"1":6}}
,"C:\\Users\\HalicMahamudu\\Desktop\\Labs\\quiz-app\\src\\components\\Quiz\\Question.component.tsx": {"path":"C:\\Users\\HalicMahamudu\\Desktop\\Labs\\quiz-app\\src\\components\\Quiz\\Question.component.tsx","all":false,"statementMap":{"0":{"start":{"line":1,"column":0},"end":{"line":1,"column":25}},"6":{"start":{"line":7,"column":0},"end":{"line":7,"column":19}},"7":{"start":{"line":8,"column":0},"end":{"line":8,"column":38}},"8":{"start":{"line":9,"column":0},"end":{"line":9,"column":37}},"9":{"start":{"line":10,"column":0},"end":{"line":10,"column":37}},"10":{"start":{"line":11,"column":0},"end":{"line":11,"column":40}},"13":{"start":{"line":14,"column":0},"end":{"line":14,"column":69}},"15":{"start":{"line":16,"column":0},"end":{"line":16,"column":12}},"16":{"start":{"line":17,"column":0},"end":{"line":17,"column":46}},"17":{"start":{"line":18,"column":0},"end":{"line":18,"column":44}},"18":{"start":{"line":19,"column":0},"end":{"line":19,"column":65}},"19":{"start":{"line":20,"column":0},"end":{"line":20,"column":16}},"20":{"start":{"line":21,"column":0},"end":{"line":21,"column":61}},"21":{"start":{"line":22,"column":0},"end":{"line":22,"column":62}},"22":{"start":{"line":23,"column":0},"end":{"line":23,"column":20}},"23":{"start":{"line":24,"column":0},"end":{"line":24,"column":56}},"24":{"start":{"line":25,"column":0},"end":{"line":25,"column":53}},"25":{"start":{"line":26,"column":0},"end":{"line":26,"column":18}},"26":{"start":{"line":27,"column":0},"end":{"line":27,"column":18}},"27":{"start":{"line":28,"column":0},"end":{"line":28,"column":14}},"29":{"start":{"line":30,"column":0},"end":{"line":30,"column":2}},"31":{"start":{"line":32,"column":0},"end":{"line":32,"column":24}}},"s":{"0":1,"6":1,"7":27,"8":27,"9":27,"10":27,"13":27,"15":27,"16":27,"17":27,"18":27,"19":27,"20":27,"21":27,"22":27,"23":27,"24":27,"25":27,"26":27,"27":27,"29":27,"31":1},"branchMap":{"0":{"type":"branch","line":7,"loc":{"start":{"line":7,"column":17},"end":{"line":30,"column":2}},"locations":[{"start":{"line":7,"column":17},"end":{"line":30,"column":2}}]}},"b":{"0":[27]},"fnMap":{"0":{"name":"Question","decl":{"start":{"line":7,"column":17},"end":{"line":30,"column":2}},"loc":{"start":{"line":7,"column":17},"end":{"line":30,"column":2}},"line":7}},"f":{"0":27}}
,"C:\\Users\\HalicMahamudu\\Desktop\\Labs\\quiz-app\\src\\components\\Quiz\\Quiz.component.tsx": {"path":"C:\\Users\\HalicMahamudu\\Desktop\\Labs\\quiz-app\\src\\components\\Quiz\\Quiz.component.tsx","all":false,"statementMap":{"0":{"start":{"line":1,"column":0},"end":{"line":1,"column":42}},"2":{"start":{"line":3,"column":0},"end":{"line":3,"column":46}},"3":{"start":{"line":4,"column":0},"end":{"line":4,"column":48}},"7":{"start":{"line":8,"column":0},"end":{"line":8,"column":57}},"9":{"start":{"line":10,"column":0},"end":{"line":10,"column":27}},"18":{"start":{"line":19,"column":0},"end":{"line":19,"column":76}},"19":{"start":{"line":20,"column":0},"end":{"line":20,"column":71}},"20":{"start":{"line":21,"column":0},"end":{"line":21,"column":76}},"21":{"start":{"line":22,"column":0},"end":{"line":22,"column":65}},"22":{"start":{"line":23,"column":0},"end":{"line":23,"column":67}},"23":{"start":{"line":24,"column":0},"end":{"line":24,"column":6}},"24":{"start":{"line":25,"column":0},"end":{"line":25,"column":53}},"26":{"start":{"line":27,"column":0},"end":{"line":27,"column":69}},"27":{"start":{"line":28,"column":0},"end":{"line":28,"column":63}},"28":{"start":{"line":29,"column":0},"end":{"line":29,"column":138}},"30":{"start":{"line":31,"column":0},"end":{"line":31,"column":32}},"31":{"start":{"line":32,"column":0},"end":{"line":32,"column":55}},"33":{"start":{"line":34,"column":0},"end":{"line":34,"column":52}},"35":{"start":{"line":36,"column":0},"end":{"line":36,"column":66}},"36":{"start":{"line":37,"column":0},"end":{"line":37,"column":63}},"37":{"start":{"line":38,"column":0},"end":{"line":38,"column":32}},"38":{"start":{"line":39,"column":0},"end":{"line":39,"column":9}},"40":{"start":{"line":41,"column":0},"end":{"line":41,"column":52}},"41":{"start":{"line":42,"column":0},"end":{"line":42,"column":82}},"42":{"start":{"line":43,"column":0},"end":{"line":43,"column":61}},"43":{"start":{"line":44,"column":0},"end":{"line":44,"column":6}},"45":{"start":{"line":46,"column":0},"end":{"line":46,"column":56}},"47":{"start":{"line":48,"column":0},"end":{"line":48,"column":48}},"48":{"start":{"line":49,"column":0},"end":{"line":49,"column":28}},"49":{"start":{"line":50,"column":0},"end":{"line":50,"column":33}},"50":{"start":{"line":51,"column":0},"end":{"line":51,"column":6}},"52":{"start":{"line":53,"column":0},"end":{"line":53,"column":21}},"53":{"start":{"line":54,"column":0},"end":{"line":54,"column":63}},"54":{"start":{"line":55,"column":0},"end":{"line":55,"column":54}},"55":{"start":{"line":56,"column":0},"end":{"line":56,"column":22}},"56":{"start":{"line":57,"column":0},"end":{"line":57,"column":30}},"57":{"start":{"line":58,"column":0},"end":{"line":58,"column":25}},"59":{"start":{"line":60,"column":0},"end":{"line":60,"column":12}},"60":{"start":{"line":61,"column":0},"end":{"line":61,"column":32}},"61":{"start":{"line":62,"column":0},"end":{"line":62,"column":21}},"62":{"start":{"line":63,"column":0},"end":{"line":63,"column":47}},"63":{"start":{"line":64,"column":0},"end":{"line":64,"column":49}},"64":{"start":{"line":65,"column":0},"end":{"line":65,"column":49}},"65":{"start":{"line":66,"column":0},"end":{"line":66,"column":14}},"67":{"start":{"line":68,"column":0},"end":{"line":68,"column":49}},"68":{"start":{"line":69,"column":0},"end":{"line":69,"column":24}},"69":{"start":{"line":70,"column":0},"end":{"line":70,"column":35}},"70":{"start":{"line":71,"column":0},"end":{"line":71,"column":51}},"71":{"start":{"line":72,"column":0},"end":{"line":72,"column":37}},"72":{"start":{"line":73,"column":0},"end":{"line":73,"column":53}},"73":{"start":{"line":74,"column":0},"end":{"line":74,"column":18}},"74":{"start":{"line":75,"column":0},"end":{"line":75,"column":23}},"75":{"start":{"line":76,"column":0},"end":{"line":76,"column":45}},"76":{"start":{"line":77,"column":0},"end":{"line":77,"column":29}},"77":{"start":{"line":78,"column":0},"end":{"line":78,"column":30}},"78":{"start":{"line":79,"column":0},"end":{"line":79,"column":69}},"79":{"start":{"line":80,"column":0},"end":{"line":80,"column":49}},"80":{"start":{"line":81,"column":0},"end":{"line":81,"column":52}},"81":{"start":{"line":82,"column":0},"end":{"line":82,"column":42}},"84":{"start":{"line":85,"column":0},"end":{"line":85,"column":27}},"85":{"start":{"line":86,"column":0},"end":{"line":86,"column":65}},"86":{"start":{"line":87,"column":0},"end":{"line":87,"column":40}},"87":{"start":{"line":88,"column":0},"end":{"line":88,"column":45}},"88":{"start":{"line":89,"column":0},"end":{"line":89,"column":42}},"89":{"start":{"line":90,"column":0},"end":{"line":90,"column":25}},"90":{"start":{"line":91,"column":0},"end":{"line":91,"column":50}},"91":{"start":{"line":92,"column":0},"end":{"line":92,"column":49}},"92":{"start":{"line":93,"column":0},"end":{"line":93,"column":85}},"94":{"start":{"line":95,"column":0},"end":{"line":95,"column":24}},"96":{"start":{"line":97,"column":0},"end":{"line":97,"column":18}},"97":{"start":{"line":98,"column":0},"end":{"line":98,"column":14}},"99":{"start":{"line":100,"column":0},"end":{"line":100,"column":2}},"101":{"start":{"line":102,"column":0},"end":{"line":102,"column":20}}},"s":{"0":1,"2":1,"3":1,"7":1,"9":1,"18":1,"19":27,"20":27,"21":27,"22":27,"23":27,"24":27,"26":27,"27":27,"28":27,"30":27,"31":6,"33":5,"35":5,"36":5,"37":5,"38":5,"40":5,"41":4,"42":1,"43":6,"45":27,"47":27,"48":5,"49":5,"50":5,"52":27,"53":8,"54":8,"55":8,"56":8,"57":27,"59":27,"60":27,"61":27,"62":27,"63":27,"64":27,"65":27,"67":27,"68":27,"69":27,"70":27,"71":27,"72":27,"73":27,"74":27,"75":27,"76":27,"77":27,"78":7,"79":3,"80":4,"81":20,"84":27,"85":7,"86":3,"87":4,"88":20,"89":27,"90":27,"91":1,"92":1,"94":1,"96":27,"97":27,"99":27,"101":1},"branchMap":{"0":{"type":"branch","line":19,"loc":{"start":{"line":19,"column":13},"end":{"line":100,"column":2}},"locations":[{"start":{"line":19,"column":13},"end":{"line":100,"column":2}}]},"1":{"type":"branch","line":78,"loc":{"start":{"line":78,"column":24},"end":{"line":81,"column":52}},"locations":[{"start":{"line":78,"column":24},"end":{"line":81,"column":52}}]},"2":{"type":"branch","line":79,"loc":{"start":{"line":79,"column":68},"end":{"line":80,"column":49}},"locations":[{"start":{"line":79,"column":68},"end":{"line":80,"column":49}}]},"3":{"type":"branch","line":80,"loc":{"start":{"line":80,"column":34},"end":{"line":81,"column":52}},"locations":[{"start":{"line":80,"column":34},"end":{"line":81,"column":52}}]},"4":{"type":"branch","line":81,"loc":{"start":{"line":81,"column":34},"end":{"line":82,"column":42}},"locations":[{"start":{"line":81,"column":34},"end":{"line":82,"column":42}}]},"5":{"type":"branch","line":85,"loc":{"start":{"line":85,"column":21},"end":{"line":88,"column":45}},"locations":[{"start":{"line":85,"column":21},"end":{"line":88,"column":45}}]},"6":{"type":"branch","line":86,"loc":{"start":{"line":86,"column":64},"end":{"line":87,"column":40}},"locations":[{"start":{"line":86,"column":64},"end":{"line":87,"column":40}}]},"7":{"type":"branch","line":87,"loc":{"start":{"line":87,"column":30},"end":{"line":88,"column":45}},"locations":[{"start":{"line":87,"column":30},"end":{"line":88,"column":45}}]},"8":{"type":"branch","line":88,"loc":{"start":{"line":88,"column":30},"end":{"line":89,"column":42}},"locations":[{"start":{"line":88,"column":30},"end":{"line":89,"column":42}}]},"9":{"type":"branch","line":91,"loc":{"start":{"line":91,"column":18},"end":{"line":91,"column":50}},"locations":[{"start":{"line":91,"column":18},"end":{"line":91,"column":50}}]},"10":{"type":"branch","line":91,"loc":{"start":{"line":91,"column":36},"end":{"line":95,"column":24}},"locations":[{"start":{"line":91,"column":36},"end":{"line":95,"column":24}}]},"11":{"type":"branch","line":23,"loc":{"start":{"line":23,"column":8},"end":{"line":23,"column":67}},"locations":[{"start":{"line":23,"column":8},"end":{"line":23,"column":67}}]},"12":{"type":"branch","line":29,"loc":{"start":{"line":29,"column":31},"end":{"line":29,"column":138}},"locations":[{"start":{"line":29,"column":31},"end":{"line":29,"column":138}}]},"13":{"type":"branch","line":29,"loc":{"start":{"line":29,"column":76},"end":{"line":29,"column":101}},"locations":[{"start":{"line":29,"column":76},"end":{"line":29,"column":101}}]},"14":{"type":"branch","line":31,"loc":{"start":{"line":31,"column":25},"end":{"line":44,"column":6}},"locations":[{"start":{"line":31,"column":25},"end":{"line":44,"column":6}}]},"15":{"type":"branch","line":32,"loc":{"start":{"line":32,"column":29},"end":{"line":32,"column":55}},"locations":[{"start":{"line":32,"column":29},"end":{"line":32,"column":55}}]},"16":{"type":"branch","line":32,"loc":{"start":{"line":32,"column":53},"end":{"line":41,"column":52}},"locations":[{"start":{"line":32,"column":53},"end":{"line":41,"column":52}}]},"17":{"type":"branch","line":41,"loc":{"start":{"line":41,"column":51},"end":{"line":42,"column":82}},"locations":[{"start":{"line":41,"column":51},"end":{"line":42,"column":82}}]},"18":{"type":"branch","line":42,"loc":{"start":{"line":42,"column":81},"end":{"line":43,"column":61}},"locations":[{"start":{"line":42,"column":81},"end":{"line":43,"column":61}}]},"19":{"type":"branch","line":46,"loc":{"start":{"line":46,"column":28},"end":{"line":46,"column":56}},"locations":[{"start":{"line":46,"column":28},"end":{"line":46,"column":56}}]},"20":{"type":"branch","line":48,"loc":{"start":{"line":48,"column":28},"end":{"line":51,"column":6}},"locations":[{"start":{"line":48,"column":28},"end":{"line":51,"column":6}}]},"21":{"type":"branch","line":53,"loc":{"start":{"line":53,"column":14},"end":{"line":58,"column":7}},"locations":[{"start":{"line":53,"column":14},"end":{"line":58,"column":7}}]}},"b":{"0":[27],"1":[7],"2":[3],"3":[4],"4":[20],"5":[7],"6":[3],"7":[4],"8":[20],"9":[15],"10":[1],"11":[6],"12":[2],"13":[0],"14":[6],"15":[1],"16":[5],"17":[4],"18":[1],"19":[1],"20":[5],"21":[8]},"fnMap":{"0":{"name":"Quiz","decl":{"start":{"line":19,"column":13},"end":{"line":100,"column":2}},"loc":{"start":{"line":19,"column":13},"end":{"line":100,"column":2}},"line":19},"1":{"name":"handleNextQuestion","decl":{"start":{"line":29,"column":31},"end":{"line":29,"column":138}},"loc":{"start":{"line":29,"column":31},"end":{"line":29,"column":138}},"line":29},"2":{"name":"handleSubmit","decl":{"start":{"line":31,"column":25},"end":{"line":44,"column":6}},"loc":{"start":{"line":31,"column":25},"end":{"line":44,"column":6}},"line":31},"3":{"name":"handleCompleted","decl":{"start":{"line":46,"column":28},"end":{"line":46,"column":56}},"loc":{"start":{"line":46,"column":28},"end":{"line":46,"column":56}},"line":46},"4":{"name":"handleSelection","decl":{"start":{"line":48,"column":28},"end":{"line":51,"column":6}},"loc":{"start":{"line":48,"column":28},"end":{"line":51,"column":6}},"line":48}},"f":{"0":27,"1":2,"2":6,"3":1,"4":5}}
,"C:\\Users\\HalicMahamudu\\Desktop\\Labs\\quiz-app\\src\\components\\Quiz\\QuizCompleted.component.tsx": {"path":"C:\\Users\\HalicMahamudu\\Desktop\\Labs\\quiz-app\\src\\components\\Quiz\\QuizCompleted.component.tsx","all":false,"statementMap":{"0":{"start":{"line":1,"column":0},"end":{"line":1,"column":71}},"1":{"start":{"line":2,"column":0},"end":{"line":2,"column":64}},"13":{"start":{"line":14,"column":0},"end":{"line":14,"column":92}},"15":{"start":{"line":16,"column":0},"end":{"line":16,"column":12}},"16":{"start":{"line":17,"column":0},"end":{"line":17,"column":42}},"17":{"start":{"line":18,"column":0},"end":{"line":18,"column":96}},"18":{"start":{"line":19,"column":0},"end":{"line":19,"column":47}},"19":{"start":{"line":20,"column":0},"end":{"line":20,"column":51}},"20":{"start":{"line":21,"column":0},"end":{"line":21,"column":61}},"21":{"start":{"line":22,"column":0},"end":{"line":22,"column":54}},"22":{"start":{"line":23,"column":0},"end":{"line":23,"column":73}},"23":{"start":{"line":24,"column":0},"end":{"line":24,"column":22}},"24":{"start":{"line":25,"column":0},"end":{"line":25,"column":96}},"25":{"start":{"line":26,"column":0},"end":{"line":26,"column":18}},"26":{"start":{"line":27,"column":0},"end":{"line":27,"column":14}},"28":{"start":{"line":29,"column":0},"end":{"line":29,"column":1}},"30":{"start":{"line":31,"column":0},"end":{"line":31,"column":28}}},"s":{"0":1,"1":1,"13":1,"15":2,"16":2,"17":2,"18":2,"19":2,"20":2,"21":2,"22":2,"23":2,"24":2,"25":2,"26":2,"28":2,"30":1},"branchMap":{"0":{"type":"branch","line":14,"loc":{"start":{"line":14,"column":22},"end":{"line":29,"column":1}},"locations":[{"start":{"line":14,"column":22},"end":{"line":29,"column":1}}]}},"b":{"0":[2]},"fnMap":{"0":{"name":"QuizCompleted","decl":{"start":{"line":14,"column":22},"end":{"line":29,"column":1}},"loc":{"start":{"line":14,"column":22},"end":{"line":29,"column":1}},"line":14}},"f":{"0":2}}
,"C:\\Users\\HalicMahamudu\\Desktop\\Labs\\quiz-app\\src\\components\\Quiz\\QuizContainer.component.tsx": {"path":"C:\\Users\\HalicMahamudu\\Desktop\\Labs\\quiz-app\\src\\components\\Quiz\\QuizContainer.component.tsx","all":true,"statementMap":{"0":{"start":{"line":1,"column":0},"end":{"line":1,"column":31}},"6":{"start":{"line":7,"column":0},"end":{"line":7,"column":27}},"7":{"start":{"line":8,"column":0},"end":{"line":8,"column":40}},"8":{"start":{"line":9,"column":0},"end":{"line":9,"column":58}},"15":{"start":{"line":16,"column":0},"end":{"line":16,"column":62}},"16":{"start":{"line":17,"column":0},"end":{"line":17,"column":29}},"19":{"start":{"line":20,"column":0},"end":{"line":20,"column":119}},"20":{"start":{"line":21,"column":0},"end":{"line":21,"column":47}},"21":{"start":{"line":22,"column":0},"end":{"line":22,"column":58}},"22":{"start":{"line":23,"column":0},"end":{"line":23,"column":6}},"24":{"start":{"line":25,"column":0},"end":{"line":25,"column":12}},"25":{"start":{"line":26,"column":0},"end":{"line":26,"column":23}},"26":{"start":{"line":27,"column":0},"end":{"line":27,"column":109}},"27":{"start":{"line":28,"column":0},"end":{"line":28,"column":106}},"28":{"start":{"line":29,"column":0},"end":{"line":29,"column":64}},"30":{"start":{"line":31,"column":0},"end":{"line":31,"column":2}},"32":{"start":{"line":33,"column":0},"end":{"line":33,"column":29}}},"s":{"0":0,"6":0,"7":0,"8":0,"15":0,"16":0,"19":0,"20":0,"21":0,"22":0,"24":0,"25":0,"26":0,"27":0,"28":0,"30":0,"32":0},"branchMap":{"0":{"type":"branch","line":1,"loc":{"start":{"line":1,"column":0},"end":{"line":33,"column":-281}},"locations":[{"start":{"line":1,"column":0},"end":{"line":33,"column":-281}}]}},"b":{"0":[0]},"fnMap":{"0":{"name":"(empty-report)","decl":{"start":{"line":1,"column":0},"end":{"line":33,"column":-281}},"loc":{"start":{"line":1,"column":0},"end":{"line":33,"column":-281}},"line":1}},"f":{"0":0}}
,"C:\\Users\\HalicMahamudu\\Desktop\\Labs\\quiz-app\\src\\components\\Selected Quiz\\SelectedQuiz.component.tsx": {"path":"C:\\Users\\HalicMahamudu\\Desktop\\Labs\\quiz-app\\src\\components\\Selected Quiz\\SelectedQuiz.component.tsx","all":false,"statementMap":{"0":{"start":{"line":1,"column":0},"end":{"line":1,"column":55}},"2":{"start":{"line":3,"column":0},"end":{"line":3,"column":35}},"4":{"start":{"line":5,"column":0},"end":{"line":5,"column":74}},"5":{"start":{"line":6,"column":0},"end":{"line":6,"column":12}},"6":{"start":{"line":7,"column":0},"end":{"line":7,"column":52}},"7":{"start":{"line":8,"column":0},"end":{"line":8,"column":64}},"8":{"start":{"line":9,"column":0},"end":{"line":9,"column":63}},"9":{"start":{"line":10,"column":0},"end":{"line":10,"column":14}},"11":{"start":{"line":12,"column":0},"end":{"line":12,"column":1}},"13":{"start":{"line":14,"column":0},"end":{"line":14,"column":27}}},"s":{"0":1,"2":1,"4":1,"5":4,"6":4,"7":4,"8":4,"9":4,"11":4,"13":1},"branchMap":{"0":{"type":"branch","line":5,"loc":{"start":{"line":5,"column":21},"end":{"line":12,"column":1}},"locations":[{"start":{"line":5,"column":21},"end":{"line":12,"column":1}}]}},"b":{"0":[4]},"fnMap":{"0":{"name":"SelectedQuiz","decl":{"start":{"line":5,"column":21},"end":{"line":12,"column":1}},"loc":{"start":{"line":5,"column":21},"end":{"line":12,"column":1}},"line":5}},"f":{"0":4}}
,"C:\\Users\\HalicMahamudu\\Desktop\\Labs\\quiz-app\\src\\utils\\fetchData.ts": {"path":"C:\\Users\\HalicMahamudu\\Desktop\\Labs\\quiz-app\\src\\utils\\fetchData.ts","all":true,"statementMap":{"0":{"start":{"line":1,"column":0},"end":{"line":1,"column":32}},"3":{"start":{"line":4,"column":0},"end":{"line":4,"column":50}},"4":{"start":{"line":5,"column":0},"end":{"line":5,"column":9}},"5":{"start":{"line":6,"column":0},"end":{"line":6,"column":61}},"6":{"start":{"line":7,"column":0},"end":{"line":7,"column":82}},"7":{"start":{"line":8,"column":0},"end":{"line":8,"column":10}},"9":{"start":{"line":10,"column":0},"end":{"line":10,"column":24}},"10":{"start":{"line":11,"column":0},"end":{"line":11,"column":69}},"11":{"start":{"line":12,"column":0},"end":{"line":12,"column":9}},"13":{"start":{"line":14,"column":0},"end":{"line":14,"column":51}},"14":{"start":{"line":15,"column":0},"end":{"line":15,"column":13}},"15":{"start":{"line":16,"column":0},"end":{"line":16,"column":73}},"16":{"start":{"line":17,"column":0},"end":{"line":17,"column":5}},"17":{"start":{"line":18,"column":0},"end":{"line":18,"column":2}},"19":{"start":{"line":20,"column":0},"end":{"line":20,"column":25}}},"s":{"0":0,"3":0,"4":0,"5":0,"6":0,"7":0,"9":0,"10":0,"11":0,"13":0,"14":0,"15":0,"16":0,"17":0,"19":0},"branchMap":{"0":{"type":"branch","line":1,"loc":{"start":{"line":1,"column":603},"end":{"line":20,"column":25}},"locations":[{"start":{"line":1,"column":603},"end":{"line":20,"column":25}}]}},"b":{"0":[0]},"fnMap":{"0":{"name":"(empty-report)","decl":{"start":{"line":1,"column":603},"end":{"line":20,"column":25}},"loc":{"start":{"line":1,"column":603},"end":{"line":20,"column":25}},"line":1}},"f":{"0":0}}
}
